TN:
SF:src/middleware/auth.middleware.ts
FN:14,(anonymous_1)
FN:75,(anonymous_2)
FNF:2
FNH:2
FNDA:8,(anonymous_1)
FNDA:6,(anonymous_2)
DA:2,1
DA:3,1
DA:14,1
DA:19,8
DA:20,8
DA:22,8
DA:23,2
DA:29,2
DA:32,6
DA:33,6
DA:35,6
DA:37,3
DA:42,3
DA:43,1
DA:49,1
DA:52,2
DA:53,2
DA:54,2
DA:56,3
DA:57,2
DA:63,2
DA:66,1
DA:75,1
DA:80,6
DA:81,6
DA:83,6
DA:84,4
DA:85,4
DA:87,4
DA:89,2
DA:94,2
DA:95,1
DA:96,1
DA:99,4
DA:102,2
LF:35
LH:35
BRDA:22,0,0,2
BRDA:22,0,1,6
BRDA:22,1,0,8
BRDA:22,1,1,7
BRDA:33,2,0,6
BRDA:33,2,1,1
BRDA:42,3,0,1
BRDA:42,3,1,2
BRDA:56,4,0,2
BRDA:56,4,1,1
BRDA:83,5,0,4
BRDA:83,5,1,2
BRDA:83,6,0,6
BRDA:83,6,1,5
BRDA:85,7,0,4
BRDA:85,7,1,0
BRDA:94,8,0,1
BRDA:94,8,1,1
BRF:18
BRH:17
end_of_record
TN:
SF:src/routes/auth.routes.ts
FN:11,(anonymous_1)
FN:57,(anonymous_2)
FN:93,(anonymous_3)
FN:112,(anonymous_4)
FNF:4
FNH:0
FNDA:0,(anonymous_1)
FNDA:0,(anonymous_2)
FNDA:0,(anonymous_3)
FNDA:0,(anonymous_4)
DA:1,0
DA:2,0
DA:3,0
DA:5,0
DA:11,0
DA:12,0
DA:13,0
DA:15,0
DA:16,0
DA:22,0
DA:25,0
DA:26,0
DA:32,0
DA:35,0
DA:37,0
DA:43,0
DA:44,0
DA:57,0
DA:58,0
DA:59,0
DA:61,0
DA:62,0
DA:68,0
DA:71,0
DA:73,0
DA:79,0
DA:80,0
DA:93,0
DA:94,0
DA:95,0
DA:99,0
DA:112,0
DA:113,0
DA:114,0
DA:116,0
DA:117,0
DA:123,0
DA:126,0
DA:128,0
DA:129,0
DA:131,0
DA:134,0
DA:138,0
LF:43
LH:0
BRDA:15,0,0,0
BRDA:15,0,1,0
BRDA:15,1,0,0
BRDA:15,1,1,0
BRDA:25,2,0,0
BRDA:25,2,1,0
BRDA:43,3,0,0
BRDA:43,3,1,0
BRDA:61,4,0,0
BRDA:61,4,1,0
BRDA:61,5,0,0
BRDA:61,5,1,0
BRDA:79,6,0,0
BRDA:79,6,1,0
BRDA:116,7,0,0
BRDA:116,7,1,0
BRDA:128,8,0,0
BRDA:128,8,1,0
BRF:18
BRH:0
end_of_record
TN:
SF:src/routes/dog.routes.ts
FN:11,(anonymous_1)
FN:33,(anonymous_2)
FN:50,(anonymous_3)
FN:74,(anonymous_4)
FN:113,(anonymous_5)
FN:131,(anonymous_6)
FN:162,(anonymous_7)
FN:216,(anonymous_8)
FN:260,(anonymous_9)
FNF:9
FNH:0
FNDA:0,(anonymous_1)
FNDA:0,(anonymous_2)
FNDA:0,(anonymous_3)
FNDA:0,(anonymous_4)
FNDA:0,(anonymous_5)
FNDA:0,(anonymous_6)
FNDA:0,(anonymous_7)
FNDA:0,(anonymous_8)
FNDA:0,(anonymous_9)
DA:1,0
DA:2,0
DA:3,0
DA:5,0
DA:11,0
DA:12,0
DA:13,0
DA:14,0
DA:16,0
DA:18,0
DA:20,0
DA:33,0
DA:34,0
DA:35,0
DA:38,0
DA:39,0
DA:47,0
DA:49,0
DA:50,0
DA:61,0
DA:74,0
DA:75,0
DA:84,0
DA:86,0
DA:96,0
DA:98,0
DA:100,0
DA:113,0
DA:114,0
DA:115,0
DA:116,0
DA:118,0
DA:131,0
DA:132,0
DA:133,0
DA:135,0
DA:137,0
DA:138,0
DA:144,0
DA:147,0
DA:149,0
DA:162,0
DA:163,0
DA:173,0
DA:175,0
DA:176,0
DA:182,0
DA:185,0
DA:197,0
DA:202,0
DA:203,0
DA:216,0
DA:217,0
DA:218,0
DA:228,0
DA:230,0
DA:241,0
DA:246,0
DA:247,0
DA:260,0
DA:261,0
DA:262,0
DA:264,0
DA:266,0
DA:270,0
DA:271,0
DA:280,0
LF:67
LH:0
BRDA:13,0,0,0
BRDA:13,0,1,0
BRDA:14,1,0,0
BRDA:14,1,1,0
BRDA:38,2,0,0
BRDA:38,2,1,0
BRDA:38,3,0,0
BRDA:38,3,1,0
BRDA:38,3,2,0
BRDA:38,3,3,0
BRDA:91,4,0,0
BRDA:91,4,1,0
BRDA:92,5,0,0
BRDA:92,5,1,0
BRDA:93,6,0,0
BRDA:93,6,1,0
BRDA:137,7,0,0
BRDA:137,7,1,0
BRDA:175,8,0,0
BRDA:175,8,1,0
BRDA:175,9,0,0
BRDA:175,9,1,0
BRDA:175,9,2,0
BRDA:202,10,0,0
BRDA:202,10,1,0
BRDA:233,11,0,0
BRDA:233,11,1,0
BRDA:234,12,0,0
BRDA:234,12,1,0
BRDA:246,13,0,0
BRDA:246,13,1,0
BRDA:270,14,0,0
BRDA:270,14,1,0
BRF:33
BRH:0
end_of_record
TN:
SF:src/routes/upload.routes.ts
FN:14,(anonymous_1)
FN:32,(anonymous_2)
FN:66,(anonymous_3)
FN:101,(anonymous_4)
FNF:4
FNH:0
FNDA:0,(anonymous_1)
FNDA:0,(anonymous_2)
FNDA:0,(anonymous_3)
FNDA:0,(anonymous_4)
DA:1,0
DA:2,0
DA:3,0
DA:4,0
DA:6,0
DA:9,0
DA:16,0
DA:17,0
DA:19,0
DA:28,0
DA:33,0
DA:34,0
DA:35,0
DA:41,0
DA:44,0
DA:46,0
DA:51,0
DA:52,0
DA:66,0
DA:67,0
DA:68,0
DA:70,0
DA:71,0
DA:77,0
DA:80,0
DA:82,0
DA:87,0
DA:88,0
DA:101,0
DA:102,0
DA:103,0
DA:105,0
DA:106,0
DA:112,0
DA:115,0
DA:117,0
DA:118,0
DA:120,0
DA:128,0
DA:137,0
LF:40
LH:0
BRDA:16,0,0,0
BRDA:16,0,1,0
BRDA:34,1,0,0
BRDA:34,1,1,0
BRDA:51,2,0,0
BRDA:51,2,1,0
BRDA:70,3,0,0
BRDA:70,3,1,0
BRDA:87,4,0,0
BRDA:87,4,1,0
BRDA:105,5,0,0
BRDA:105,5,1,0
BRDA:117,6,0,0
BRDA:117,6,1,0
BRF:14
BRH:0
end_of_record
TN:
SF:src/routes/user.routes.ts
FN:11,(anonymous_1)
FN:40,(anonymous_2)
FN:58,(anonymous_3)
FN:83,(anonymous_4)
FN:127,(anonymous_5)
FNF:5
FNH:0
FNDA:0,(anonymous_1)
FNDA:0,(anonymous_2)
FNDA:0,(anonymous_3)
FNDA:0,(anonymous_4)
FNDA:0,(anonymous_5)
DA:1,0
DA:2,0
DA:3,0
DA:5,0
DA:11,0
DA:12,0
DA:13,0
DA:15,0
DA:16,0
DA:22,0
DA:25,0
DA:27,0
DA:40,0
DA:41,0
DA:42,0
DA:43,0
DA:45,0
DA:58,0
DA:59,0
DA:60,0
DA:62,0
DA:64,0
DA:69,0
DA:70,0
DA:83,0
DA:84,0
DA:85,0
DA:87,0
DA:88,0
DA:94,0
DA:97,0
DA:98,0
DA:104,0
DA:107,0
DA:109,0
DA:113,0
DA:114,0
DA:127,0
DA:128,0
DA:129,0
DA:131,0
DA:135,0
DA:144,0
LF:43
LH:0
BRDA:15,0,0,0
BRDA:15,0,1,0
BRDA:69,1,0,0
BRDA:69,1,1,0
BRDA:87,2,0,0
BRDA:87,2,1,0
BRDA:87,3,0,0
BRDA:87,3,1,0
BRDA:97,4,0,0
BRDA:97,4,1,0
BRDA:113,5,0,0
BRDA:113,5,1,0
BRF:12
BRH:0
end_of_record
TN:
SF:src/services/auth.service.ts
FN:28,(anonymous_1)
FN:32,(anonymous_2)
FN:36,(anonymous_3)
FN:70,(anonymous_4)
FN:101,(anonymous_5)
FNF:5
FNH:5
FNDA:16,(anonymous_1)
FNDA:6,(anonymous_2)
FNDA:5,(anonymous_3)
FNDA:4,(anonymous_4)
FNDA:4,(anonymous_5)
DA:1,1
DA:2,1
DA:3,1
DA:25,1
DA:29,16
DA:33,6
DA:37,5
DA:40,5
DA:44,5
DA:45,1
DA:49,4
DA:52,4
DA:65,4
DA:67,4
DA:71,4
DA:74,4
DA:78,4
DA:79,1
DA:83,3
DA:85,3
DA:86,1
DA:89,2
DA:91,2
DA:102,4
DA:103,4
DA:104,1
DA:106,3
DA:111,1
LF:28
LH:28
BRDA:29,0,0,16
BRDA:29,0,1,2
BRDA:44,1,0,1
BRDA:44,1,1,4
BRDA:56,2,0,4
BRDA:56,2,1,2
BRDA:78,3,0,1
BRDA:78,3,1,3
BRDA:85,4,0,1
BRDA:85,4,1,2
BRF:10
BRH:10
end_of_record
TN:
SF:src/services/dog.service.ts
FN:38,(anonymous_1)
FN:95,(anonymous_2)
FN:112,(anonymous_3)
FN:143,(anonymous_4)
FN:183,(anonymous_5)
FN:197,(anonymous_6)
FN:230,(anonymous_7)
FN:257,(anonymous_8)
FN:274,(anonymous_9)
FN:284,(anonymous_10)
FN:303,(anonymous_11)
FNF:11
FNH:11
FNDA:5,(anonymous_1)
FNDA:2,(anonymous_2)
FNDA:3,(anonymous_3)
FNDA:6,(anonymous_4)
FNDA:2,(anonymous_5)
FNDA:2,(anonymous_6)
FNDA:3,(anonymous_7)
FNDA:3,(anonymous_8)
FNDA:2,(anonymous_9)
FNDA:5,(anonymous_10)
FNDA:23,(anonymous_11)
DA:1,1
DA:2,1
DA:37,1
DA:40,5
DA:64,5
DA:65,2
DA:66,2
DA:67,2
DA:69,1
DA:71,1
DA:84,1
DA:88,1
DA:92,5
DA:96,2
DA:109,2
DA:113,3
DA:115,3
DA:132,3
DA:144,6
DA:146,6
DA:148,6
DA:149,2
DA:156,6
DA:157,2
DA:160,6
DA:161,2
DA:164,6
DA:165,1
DA:168,6
DA:182,6
DA:183,1
DA:184,2
DA:190,2
DA:194,6
DA:198,2
DA:200,2
DA:201,1
DA:205,1
DA:211,2
DA:227,2
DA:232,3
DA:236,3
DA:237,2
DA:240,1
DA:254,1
DA:259,3
DA:263,3
DA:264,2
DA:267,1
DA:271,1
DA:275,2
DA:280,2
DA:290,5
DA:291,5
DA:292,5
DA:294,5
DA:299,5
DA:300,5
DA:304,23
DA:308,1
LF:60
LH:60
BRDA:49,0,0,5
BRDA:49,0,1,4
BRDA:64,1,0,2
BRDA:64,1,1,3
BRDA:64,2,0,5
BRDA:64,2,1,4
BRDA:69,3,0,1
BRDA:69,3,1,0
BRDA:112,4,0,1
BRDA:112,5,0,1
BRDA:148,6,0,2
BRDA:148,6,1,4
BRDA:156,7,0,2
BRDA:156,7,1,4
BRDA:160,8,0,2
BRDA:160,8,1,4
BRDA:164,9,0,1
BRDA:164,9,1,5
BRDA:182,10,0,1
BRDA:182,10,1,5
BRDA:182,11,0,6
BRDA:182,11,1,1
BRDA:182,11,2,1
BRDA:200,12,0,1
BRDA:200,12,1,1
BRDA:236,13,0,2
BRDA:236,13,1,1
BRDA:263,14,0,2
BRDA:263,14,1,1
BRF:29
BRH:28
end_of_record
TN:
SF:src/services/ml.service.ts
FN:17,(anonymous_0)
FN:25,(anonymous_1)
FN:65,(anonymous_2)
FNF:3
FNH:0
FNDA:0,(anonymous_0)
FNDA:0,(anonymous_1)
FNDA:0,(anonymous_2)
DA:6,0
DA:14,0
DA:18,0
DA:26,0
DA:27,0
DA:29,0
DA:40,0
DA:41,0
DA:42,0
DA:43,0
DA:46,0
DA:47,0
DA:49,0
DA:54,0
DA:55,0
DA:66,0
DA:67,0
DA:71,0
DA:73,0
DA:78,0
LF:20
LH:0
BRDA:6,0,0,0
BRDA:6,0,1,0
BRDA:40,1,0,0
BRDA:40,1,1,0
BRDA:43,2,0,0
BRDA:43,2,1,0
BRDA:50,3,0,0
BRDA:50,3,1,0
BRF:8
BRH:0
end_of_record
TN:
SF:src/services/upload.service.ts
FN:15,(anonymous_0)
FN:37,(anonymous_1)
FN:50,(anonymous_2)
FN:73,(anonymous_3)
FN:94,(anonymous_4)
FN:120,(anonymous_5)
FN:141,(anonymous_6)
FN:160,(anonymous_7)
FN:175,(anonymous_8)
FN:196,(anonymous_9)
FN:210,(anonymous_10)
FNF:11
FNH:0
FNDA:0,(anonymous_0)
FNDA:0,(anonymous_1)
FNDA:0,(anonymous_2)
FNDA:0,(anonymous_3)
FNDA:0,(anonymous_4)
FNDA:0,(anonymous_5)
FNDA:0,(anonymous_6)
FNDA:0,(anonymous_7)
FNDA:0,(anonymous_8)
FNDA:0,(anonymous_9)
FNDA:0,(anonymous_10)
DA:1,0
DA:2,0
DA:9,0
DA:16,0
DA:17,0
DA:19,0
DA:20,0
DA:24,0
DA:25,0
DA:27,0
DA:28,0
DA:30,0
DA:31,0
DA:34,0
DA:38,0
DA:40,0
DA:41,0
DA:43,0
DA:51,0
DA:56,0
DA:67,0
DA:74,0
DA:75,0
DA:77,0
DA:79,0
DA:86,0
DA:87,0
DA:88,0
DA:96,0
DA:97,0
DA:99,0
DA:100,0
DA:102,0
DA:104,0
DA:111,0
DA:112,0
DA:113,0
DA:121,0
DA:122,0
DA:124,0
DA:126,0
DA:133,0
DA:134,0
DA:135,0
DA:142,0
DA:143,0
DA:144,0
DA:146,0
DA:147,0
DA:149,0
DA:150,0
DA:152,0
DA:153,0
DA:161,0
DA:162,0
DA:163,0
DA:165,0
DA:166,0
DA:168,0
DA:176,0
DA:177,0
DA:178,0
DA:180,0
DA:181,0
DA:183,0
DA:189,0
DA:197,0
DA:198,0
DA:199,0
DA:201,0
DA:203,0
DA:211,0
DA:212,0
DA:216,0
LF:74
LH:0
BRDA:17,0,0,0
BRDA:17,0,1,0
BRDA:19,1,0,0
BRDA:19,1,1,0
BRDA:27,2,0,0
BRDA:27,2,1,0
BRDA:28,3,0,0
BRDA:28,3,1,0
BRDA:74,4,0,0
BRDA:74,4,1,0
BRDA:94,5,0,0
BRDA:99,6,0,0
BRDA:99,6,1,0
BRDA:121,7,0,0
BRDA:121,7,1,0
BRDA:121,7,2,0
BRDA:144,8,0,0
BRDA:144,8,1,0
BRDA:163,9,0,0
BRDA:163,9,1,0
BRDA:178,10,0,0
BRDA:178,10,1,0
BRDA:212,11,0,0
BRDA:212,11,1,0
BRF:24
BRH:0
end_of_record
TN:
SF:src/services/user.service.ts
FN:15,(anonymous_1)
FN:33,(anonymous_2)
FN:48,(anonymous_3)
FN:64,(anonymous_4)
FN:92,(anonymous_5)
FN:100,(anonymous_6)
FNF:6
FNH:6
FNDA:2,(anonymous_1)
FNDA:3,(anonymous_2)
FNDA:3,(anonymous_3)
FNDA:4,(anonymous_4)
FNDA:2,(anonymous_5)
FNDA:2,(anonymous_6)
DA:1,1
DA:2,1
DA:14,1
DA:16,2
DA:30,2
DA:34,3
DA:45,3
DA:49,3
DA:61,3
DA:65,4
DA:69,4
DA:70,1
DA:73,3
DA:78,3
DA:79,1
DA:82,2
DA:84,2
DA:89,2
DA:93,2
DA:97,1
DA:101,2
DA:107,2
DA:115,1
LF:23
LH:23
BRDA:69,0,0,1
BRDA:69,0,1,3
BRDA:78,1,0,1
BRDA:78,1,1,2
BRF:4
BRH:4
end_of_record
